<?xml version="1.0" encoding="UTF-8"?><TestSessionContainer xmlns="http://www.codecover.org/xml/testsession-container" Date="1545661945326" TestSessionContainerId="1333127d-6835-411a-8e27-b160904ed8af" version="1.0">
<SrcFileList>
<SrcFile Content="package tangible;&#13;&#10;&#13;&#10;import java.io.*;&#13;&#10;import java.math.RoundingMode;&#13;&#10;import java.util.*;&#13;&#10;import java.text.*;&#13;&#10;&#13;&#10;public class Binarysearch {&#13;&#10;&#13;&#10;&#9;public static void main(String args[]) throws IOException { &#13;&#10;&#9;&#9;// Создание объекта FileWriter&#13;&#10;&#9;&#9;FileWriter writer = new FileWriter(new File(&quot;garland.out&quot;));&#13;&#10;&#9;&#9;&#13;&#10;&#9;&#9;int n = 0;&#13;&#10;&#9;&#9;double h1 = 0;&#13;&#10;&#13;&#10;&#9;&#9;// Создаем объект Scanner для считывания чисел, введенных пользователем&#13;&#10;&#9;&#9;Scanner input = null;&#13;&#10;&#9;&#9;if (args.length != 0) {&#13;&#10;&#9;&#9;&#9;try {&#13;&#10;&#9;&#9;&#9;&#9;input = new Scanner(new File(args[0]));&#13;&#10;&#9;&#9;&#9;} catch (FileNotFoundException e) {&#13;&#10;&#9;&#9;&#9;&#9;// TODO Auto-generated catch block&#13;&#10;&#9;&#9;&#9;&#9;e.printStackTrace();&#13;&#10;&#9;&#9;&#9;}&#13;&#10;&#9;&#9;} else&#13;&#10;&#9;&#9;&#9;input = new Scanner(System.in);&#13;&#10;&#13;&#10;&#9;&#9;if (input.hasNextInt() &amp; input != null)// Проверка введеных данных на принадлежности типу целочисленных значений&#13;&#10;&#9;&#9;&#9;n = input.nextInt(); // Запись значений целочисленных в переменную n&#13;&#10;&#9;&#9;if (input.hasNextDouble() &amp; input != null)// Проверка введеных данных на принадлежность вещественному типу&#13;&#10;&#9;&#9;&#9;h1 = input.nextDouble();// Запись значений вещественных в переменную h1&#13;&#10;&#9;&#9;double left = 0; // Bad. Наименьшее возможная высота следующей лампочки&#13;&#10;&#9;&#9;double right = h1; // Good. Наибольшее возможная высота следующей лампочки&#13;&#10;&#9;&#9;double last = -1; // Наименьшая итоговая высота последней лампочки. Задаем -1. Если высота ни разу&#13;&#10;&#9;&#9;&#9;&#9;&#9;&#9;&#9;// не посчитает, то она будет отрицательна, следовательно расчеты были проведены&#13;&#10;&#9;&#9;&#9;&#9;&#9;&#9;&#9;// не верны&#13;&#10;&#13;&#10;&#9;&#9;while ((right - left) &gt; 0.01 / (n - 1)) // Цикл работает пока разница между наибольшей высотой и наименьшей не&#9;&#9;&#9;&#9;&#9;&#9;&#9;&#9;&#9;// составить меньше 0.01/(n-1)&#13;&#10;&#9;&#9;{&#13;&#10;&#9;&#9;&#9;double mid = (left + right) / 2; // Считаем среднее значение между минимальной и максимальной высотой&#13;&#10;&#9;&#9;&#9;double prev = h1;// Высота прерыдущий лампочки(в первый заход присваивается высоте первой&#13;&#10;&#9;&#9;&#9;&#9;&#9;&#9;&#9;&#9;// лампочки)&#13;&#10;&#9;&#9;&#9;double cur = mid;// Высота текущей лампочки(в первый заход вторая лампочки)&#13;&#10;&#9;&#9;&#9;boolean aboveGround = cur &gt; 0; // Проверка не коснулась ли герлянда земли. То есть высота текущей лампочки&#13;&#10;&#9;&#9;&#9;&#9;&#9;&#9;&#9;&#9;&#9;&#9;&#9;// больше 0?&#13;&#10;&#9;&#9;&#9;for (int i = 3; i &lt;= n; i++) // Моделирование высот остальных лампочек. После 1 и 2 соотвественно идет 3.&#13;&#10;&#9;&#9;&#9;&#9;&#9;&#9;&#9;&#9;&#9;&#9;&#9;// Моделирование проходит с учетом текущих left и right&#13;&#10;&#9;&#9;&#9;{&#13;&#10;&#9;&#9;&#9;&#9;double next = 2 * cur - prev + 2; // Высота следующей лампочки. Высчитывается cur =((next+prev)/2) -1&#13;&#10;&#9;&#9;&#9;&#9;&#9;&#9;&#9;&#9;&#9;&#9;&#9;&#9;&#9;// -next/2=prev/2-cur-1 -next=prev-2cur-2 next=-prev+2cur+2&#13;&#10;&#9;&#9;&#9;&#9;aboveGround &amp;=  next &gt; 0; // Проверка высоты новой лампочки, не ниже ли она чем 0 и герлянда&#9;&#9;&#9;&#9;&#9;&#9;&#9;&#9;&#9;// вся должна быть не ниже 0(то есть вторая лампочка)&#13;&#10;&#9;&#9;&#9;&#9;prev = cur; // Текущая лампоча записывается как предыдущая&#13;&#10;&#9;&#9;&#9;&#9;cur = next; // В текущее значение записывается новое лампочка. Мы как бы проходим как список&#13;&#10;&#9;&#9;&#9;&#9;&#9;&#9;&#9;// лампочки&#13;&#10;&#9;&#9;&#9;}&#13;&#10;&#9;&#9;&#9;if (aboveGround) // Если герлянда ни разу не коснулась пола, то понижается максимальная высота&#13;&#10;&#9;&#9;&#9;&#9;&#9;&#9;&#9;&#9;// всей герлянды на среднее значение минимальной и максимальной высоты из&#13;&#10;&#9;&#9;&#9;&#9;&#9;&#9;&#9;&#9;// предыдущего шага цикла и записывается результат последней лампочки в&#13;&#10;&#9;&#9;&#9;&#9;&#9;&#9;&#9;&#9;// переменную last&#13;&#10;&#9;&#9;&#9;{&#13;&#10;&#9;&#9;&#9;&#9;right = mid;&#13;&#10;&#9;&#9;&#9;&#9;last = cur;&#13;&#10;&#9;&#9;&#9;} else // Если герлянда косается пола, то тогда минимальная высота повышается на&#13;&#10;&#9;&#9;&#9;&#9;&#9;// среднее значение минимальной и максимальной высоты из предыдущего шага цикла&#13;&#10;&#9;&#9;&#9;{&#13;&#10;&#9;&#9;&#9;&#9;left = mid;&#13;&#10;&#9;&#9;&#9;}&#13;&#10;&#9;&#9;}&#13;&#10;&#9;&#9;System.out.println(last);&#13;&#10;&#9;&#9;// Запись содержимого в файл&#13;&#10;&#9;&#9;DecimalFormat decimal = new DecimalFormat(&quot;#.##&quot;);&#13;&#10;&#9;&#9;decimal.setRoundingMode(RoundingMode.DOWN);&#13;&#10;&#9;&#9;if (args.length != 0) {&#13;&#10;&#9;&#9;&#9;writer.write(String.valueOf(decimal.format(last)));&#13;&#10;&#9;&#9;&#9;writer.flush();&#13;&#10;&#9;&#9;&#9;writer.close();&#13;&#10;&#9;&#9;} else&#13;&#10;&#9;&#9;&#9;System.out.println(decimal.format(last));&#13;&#10;&#9;}&#13;&#10;}" Filename="Binarysearch.java" Intrnl_Id="1"/>
</SrcFileList>
<CritList>
<CritListEntry Name="org.codecover.model.utils.criteria.LoopCoverage" PluginName="org.codecover"/>
<CritListEntry Name="org.codecover.model.utils.criteria.QMOCoverage" PluginName="org.codecover"/>
<CritListEntry Name="org.codecover.model.utils.criteria.ConditionCoverage" PluginName="org.codecover"/>
<CritListEntry Name="org.codecover.model.utils.criteria.BranchCoverage" PluginName="org.codecover"/>
<CritListEntry Name="org.codecover.model.utils.criteria.SynchronizedStatementCoverage" PluginName="org.codecover"/>
<CritListEntry Name="org.codecover.model.utils.criteria.StatementCoverage" PluginName="org.codecover"/>
</CritList>
<BoolOpList>
<BoolOp Arity="2" Intrnl_Id="2" Name="and (&amp;)">
<BoolAssgnmntBoolMapList>
<MapEntry BoolAssgnmnt="00" Value="false"/>
<MapEntry BoolAssgnmnt="01" Value="false"/>
<MapEntry BoolAssgnmnt="10" Value="false"/>
<MapEntry BoolAssgnmnt="11" Value="true"/>
</BoolAssgnmntBoolMapList>
</BoolOp>
</BoolOpList>
<HierarchyLvlTypeList>
<HierarchyLvlType EnglishName="package" IntrnlName="package" Intrnl_Id="3"/>
<HierarchyLvlType EnglishName="method" IntrnlName="method" Intrnl_Id="4"/>
<HierarchyLvlType EnglishName="class" IntrnlName="class" Intrnl_Id="5"/>
<HierarchyLvlType EnglishName="default package" IntrnlName="default package" Intrnl_Id="6"/>
</HierarchyLvlTypeList>
<MASTRoot>
<HierarchyLvl HierarchyLvlId="23" HierarchyLvlTypeId="6" Intrnl_Id="7" Name="default package">
<Header/>
<LocList/>
<HierarchyLvl HierarchyLvlId="22" HierarchyLvlTypeId="3" Intrnl_Id="8" Name="tangible">
<Header/>
<LocList/>
<HierarchyLvl HierarchyLvlId="21" HierarchyLvlTypeId="5" Intrnl_Id="9" Name="Binarysearch">
<Header>
<Loc EndOffset="141" SrcFileId="1" StartOffset="116"/>
</Header>
<LocList>
<Loc EndOffset="3621" SrcFileId="1" StartOffset="116"/>
</LocList>
<HierarchyLvl HierarchyLvlId="20" HierarchyLvlTypeId="4" Intrnl_Id="10" Name="main">
<Header>
<Loc EndOffset="205" SrcFileId="1" StartOffset="148"/>
</Header>
<LocList>
<Loc EndOffset="3618" SrcFileId="1" StartOffset="148"/>
</LocList>
<StmntSeq Intrnl_Id="11">
<LocList>
<Loc EndOffset="306" SrcFileId="1" StartOffset="246"/>
<Loc EndOffset="324" SrcFileId="1" StartOffset="314"/>
<Loc EndOffset="342" SrcFileId="1" StartOffset="328"/>
<Loc EndOffset="444" SrcFileId="1" StartOffset="423"/>
<Loc EndOffset="684" SrcFileId="1" StartOffset="448"/>
<Loc EndOffset="827" SrcFileId="1" StartOffset="690"/>
<Loc EndOffset="1014" SrcFileId="1" StartOffset="879"/>
<Loc EndOffset="1081" SrcFileId="1" StartOffset="1065"/>
<Loc EndOffset="1158" SrcFileId="1" StartOffset="1140"/>
<Loc EndOffset="1235" SrcFileId="1" StartOffset="1218"/>
<Loc EndOffset="3273" SrcFileId="1" StartOffset="1431"/>
<Loc EndOffset="3302" SrcFileId="1" StartOffset="3277"/>
<Loc EndOffset="3388" SrcFileId="1" StartOffset="3338"/>
<Loc EndOffset="3435" SrcFileId="1" StartOffset="3392"/>
<Loc EndOffset="3614" SrcFileId="1" StartOffset="3439"/>
</LocList>
<BasicStmnt CovItemId="S1" CovItemPrefix="tangible.Binarysearch.java" Intrnl_Id="12">
<LocList>
<Loc EndOffset="306" SrcFileId="1" StartOffset="246"/>
</LocList>
</BasicStmnt>
<BasicStmnt CovItemId="S2" CovItemPrefix="tangible.Binarysearch.java" Intrnl_Id="13">
<LocList>
<Loc EndOffset="324" SrcFileId="1" StartOffset="314"/>
</LocList>
</BasicStmnt>
<BasicStmnt CovItemId="S3" CovItemPrefix="tangible.Binarysearch.java" Intrnl_Id="14">
<LocList>
<Loc EndOffset="342" SrcFileId="1" StartOffset="328"/>
</LocList>
</BasicStmnt>
<BasicStmnt CovItemId="S4" CovItemPrefix="tangible.Binarysearch.java" Intrnl_Id="15">
<LocList>
<Loc EndOffset="444" SrcFileId="1" StartOffset="423"/>
</LocList>
</BasicStmnt>
<CondStmnt CovItemId="S5" CovItemPrefix="tangible.Binarysearch.java" Intrnl_Id="16">
<Branch CovItemId="B1" CovItemPrefix="tangible.Binarysearch.java" Implct="false" Intrnl_Id="17">
<Cond/>
<LocList>
<Loc EndOffset="643" SrcFileId="1" StartOffset="470"/>
</LocList>
<StmntSeq Intrnl_Id="18">
<LocList>
<Loc EndOffset="526" SrcFileId="1" StartOffset="487"/>
<Loc EndOffset="638" SrcFileId="1" StartOffset="476"/>
</LocList>
<BasicStmnt CovItemId="S7" CovItemPrefix="tangible.Binarysearch.java" Intrnl_Id="19">
<LocList>
<Loc EndOffset="526" SrcFileId="1" StartOffset="487"/>
</LocList>
</BasicStmnt>
<CondStmnt CovItemId="S6" CovItemPrefix="tangible.Binarysearch.java" Intrnl_Id="20">
<Branch CovItemId="B3" CovItemPrefix="tangible.Binarysearch.java" Implct="true" Intrnl_Id="21">
<Cond/>
<LocList/>
<StmntSeq Intrnl_Id="22">
<LocList/>
</StmntSeq>
</Branch>
<Branch CovItemId="B4" CovItemPrefix="tangible.Binarysearch.java" Implct="false" Intrnl_Id="23">
<Cond>
<Loc EndOffset="564" SrcFileId="1" StartOffset="533"/>
</Cond>
<LocList>
<Loc EndOffset="638" SrcFileId="1" StartOffset="565"/>
</LocList>
<StmntSeq Intrnl_Id="24">
<LocList>
<Loc EndOffset="632" SrcFileId="1" StartOffset="612"/>
</LocList>
<BasicStmnt CovItemId="S8" CovItemPrefix="tangible.Binarysearch.java" Intrnl_Id="25">
<LocList>
<Loc EndOffset="632" SrcFileId="1" StartOffset="612"/>
</LocList>
</BasicStmnt>
</StmntSeq>
</Branch>
<Keyword EndOffset="479" SrcFileId="1" StartOffset="476"/>
<LocList>
<Loc EndOffset="638" SrcFileId="1" StartOffset="476"/>
</LocList>
</CondStmnt>
</StmntSeq>
</Branch>
<Branch CovItemId="B2" CovItemPrefix="tangible.Binarysearch.java" Implct="false" Intrnl_Id="26">
<Cond>
<Loc EndOffset="648" SrcFileId="1" StartOffset="644"/>
</Cond>
<LocList>
<Loc EndOffset="684" SrcFileId="1" StartOffset="653"/>
</LocList>
<StmntSeq Intrnl_Id="27">
<LocList>
<Loc EndOffset="684" SrcFileId="1" StartOffset="653"/>
</LocList>
<BasicStmnt CovItemId="S9" CovItemPrefix="tangible.Binarysearch.java" Intrnl_Id="28">
<LocList>
<Loc EndOffset="684" SrcFileId="1" StartOffset="653"/>
</LocList>
</BasicStmnt>
</StmntSeq>
</Branch>
<Keyword EndOffset="450" SrcFileId="1" StartOffset="448"/>
<LocList>
<Loc EndOffset="684" SrcFileId="1" StartOffset="448"/>
</LocList>
<RootTerm CovItemId="C1" CovItemPrefix="tangible.Binarysearch.java" Intrnl_Id="29">
<BasicBoolTerm Intrnl_Id="30">
<LocList>
<Loc EndOffset="468" SrcFileId="1" StartOffset="452"/>
</LocList>
</BasicBoolTerm>
</RootTerm>
</CondStmnt>
<CondStmnt CovItemId="S10" CovItemPrefix="tangible.Binarysearch.java" Intrnl_Id="31">
<Branch CovItemId="B5" CovItemPrefix="tangible.Binarysearch.java" Implct="false" Intrnl_Id="32">
<Cond/>
<LocList>
<Loc EndOffset="827" SrcFileId="1" StartOffset="807"/>
</LocList>
<StmntSeq Intrnl_Id="33">
<LocList>
<Loc EndOffset="827" SrcFileId="1" StartOffset="807"/>
</LocList>
<BasicStmnt CovItemId="S11" CovItemPrefix="tangible.Binarysearch.java" Intrnl_Id="34">
<LocList>
<Loc EndOffset="827" SrcFileId="1" StartOffset="807"/>
</LocList>
</BasicStmnt>
</StmntSeq>
</Branch>
<Branch CovItemId="B6" CovItemPrefix="tangible.Binarysearch.java" Implct="true" Intrnl_Id="35">
<Cond/>
<LocList/>
<StmntSeq Intrnl_Id="36">
<LocList/>
</StmntSeq>
</Branch>
<Keyword EndOffset="692" SrcFileId="1" StartOffset="690"/>
<LocList>
<Loc EndOffset="827" SrcFileId="1" StartOffset="690"/>
</LocList>
<RootTerm CovItemId="C2" CovItemPrefix="tangible.Binarysearch.java" Intrnl_Id="37">
<OpTerm BooleanOpId="2" Intrnl_Id="38">
<BasicBoolTerm Intrnl_Id="39">
<LocList>
<Loc EndOffset="712" SrcFileId="1" StartOffset="694"/>
</LocList>
</BasicBoolTerm>
<BasicBoolTerm Intrnl_Id="40">
<LocList>
<Loc EndOffset="728" SrcFileId="1" StartOffset="715"/>
</LocList>
</BasicBoolTerm>
<LocList>
<Loc EndOffset="714" SrcFileId="1" StartOffset="713"/>
</LocList>
</OpTerm>
</RootTerm>
</CondStmnt>
<CondStmnt CovItemId="S12" CovItemPrefix="tangible.Binarysearch.java" Intrnl_Id="41">
<Branch CovItemId="B7" CovItemPrefix="tangible.Binarysearch.java" Implct="false" Intrnl_Id="42">
<Cond/>
<LocList>
<Loc EndOffset="1014" SrcFileId="1" StartOffset="990"/>
</LocList>
<StmntSeq Intrnl_Id="43">
<LocList>
<Loc EndOffset="1014" SrcFileId="1" StartOffset="990"/>
</LocList>
<BasicStmnt CovItemId="S13" CovItemPrefix="tangible.Binarysearch.java" Intrnl_Id="44">
<LocList>
<Loc EndOffset="1014" SrcFileId="1" StartOffset="990"/>
</LocList>
</BasicStmnt>
</StmntSeq>
</Branch>
<Branch CovItemId="B8" CovItemPrefix="tangible.Binarysearch.java" Implct="true" Intrnl_Id="45">
<Cond/>
<LocList/>
<StmntSeq Intrnl_Id="46">
<LocList/>
</StmntSeq>
</Branch>
<Keyword EndOffset="881" SrcFileId="1" StartOffset="879"/>
<LocList>
<Loc EndOffset="1014" SrcFileId="1" StartOffset="879"/>
</LocList>
<RootTerm CovItemId="C3" CovItemPrefix="tangible.Binarysearch.java" Intrnl_Id="47">
<OpTerm BooleanOpId="2" Intrnl_Id="48">
<BasicBoolTerm Intrnl_Id="49">
<LocList>
<Loc EndOffset="904" SrcFileId="1" StartOffset="883"/>
</LocList>
</BasicBoolTerm>
<BasicBoolTerm Intrnl_Id="50">
<LocList>
<Loc EndOffset="920" SrcFileId="1" StartOffset="907"/>
</LocList>
</BasicBoolTerm>
<LocList>
<Loc EndOffset="906" SrcFileId="1" StartOffset="905"/>
</LocList>
</OpTerm>
</RootTerm>
</CondStmnt>
<BasicStmnt CovItemId="S14" CovItemPrefix="tangible.Binarysearch.java" Intrnl_Id="51">
<LocList>
<Loc EndOffset="1081" SrcFileId="1" StartOffset="1065"/>
</LocList>
</BasicStmnt>
<BasicStmnt CovItemId="S15" CovItemPrefix="tangible.Binarysearch.java" Intrnl_Id="52">
<LocList>
<Loc EndOffset="1158" SrcFileId="1" StartOffset="1140"/>
</LocList>
</BasicStmnt>
<BasicStmnt CovItemId="S16" CovItemPrefix="tangible.Binarysearch.java" Intrnl_Id="53">
<LocList>
<Loc EndOffset="1235" SrcFileId="1" StartOffset="1218"/>
</LocList>
</BasicStmnt>
<LoopStmnt CovItemId="S17" CovItemPrefix="tangible.Binarysearch.java" Intrnl_Id="54" MltplExecId="L1-2" MltplExecPrefix="tangible.Binarysearch.java" NvrExecId="L1-0" NvrExecPrefix="tangible.Binarysearch.java" OnceExecutedId="L1-1" OnceExecutedPrefix="tangible.Binarysearch.java" OptBodyExec="true">
<StmntSeq Intrnl_Id="55">
<LocList>
<Loc EndOffset="1622" SrcFileId="1" StartOffset="1590"/>
<Loc EndOffset="1713" SrcFileId="1" StartOffset="1696"/>
<Loc EndOffset="1829" SrcFileId="1" StartOffset="1812"/>
<Loc EndOffset="1922" SrcFileId="1" StartOffset="1892"/>
<Loc EndOffset="2736" SrcFileId="1" StartOffset="2028"/>
<Loc EndOffset="3268" SrcFileId="1" StartOffset="2741"/>
</LocList>
<BasicStmnt CovItemId="S18" CovItemPrefix="tangible.Binarysearch.java" Intrnl_Id="56">
<LocList>
<Loc EndOffset="1622" SrcFileId="1" StartOffset="1590"/>
</LocList>
</BasicStmnt>
<BasicStmnt CovItemId="S19" CovItemPrefix="tangible.Binarysearch.java" Intrnl_Id="57">
<LocList>
<Loc EndOffset="1713" SrcFileId="1" StartOffset="1696"/>
</LocList>
</BasicStmnt>
<BasicStmnt CovItemId="S20" CovItemPrefix="tangible.Binarysearch.java" Intrnl_Id="58">
<LocList>
<Loc EndOffset="1829" SrcFileId="1" StartOffset="1812"/>
</LocList>
</BasicStmnt>
<BasicStmnt CovItemId="S21" CovItemPrefix="tangible.Binarysearch.java" Intrnl_Id="59">
<LocList>
<Loc EndOffset="1922" SrcFileId="1" StartOffset="1892"/>
</LocList>
</BasicStmnt>
<LoopStmnt CovItemId="S22" CovItemPrefix="tangible.Binarysearch.java" Intrnl_Id="60" MltplExecId="L2-2" MltplExecPrefix="tangible.Binarysearch.java" NvrExecId="L2-0" NvrExecPrefix="tangible.Binarysearch.java" OnceExecutedId="L2-1" OnceExecutedPrefix="tangible.Binarysearch.java" OptBodyExec="true">
<StmntSeq Intrnl_Id="61">
<LocList>
<Loc EndOffset="2246" SrcFileId="1" StartOffset="2213"/>
<Loc EndOffset="2419" SrcFileId="1" StartOffset="2394"/>
<Loc EndOffset="2565" SrcFileId="1" StartOffset="2554"/>
<Loc EndOffset="2629" SrcFileId="1" StartOffset="2618"/>
</LocList>
<BasicStmnt CovItemId="S23" CovItemPrefix="tangible.Binarysearch.java" Intrnl_Id="62">
<LocList>
<Loc EndOffset="2246" SrcFileId="1" StartOffset="2213"/>
</LocList>
</BasicStmnt>
<BasicStmnt CovItemId="S24" CovItemPrefix="tangible.Binarysearch.java" Intrnl_Id="63">
<LocList>
<Loc EndOffset="2419" SrcFileId="1" StartOffset="2394"/>
</LocList>
</BasicStmnt>
<BasicStmnt CovItemId="S25" CovItemPrefix="tangible.Binarysearch.java" Intrnl_Id="64">
<LocList>
<Loc EndOffset="2565" SrcFileId="1" StartOffset="2554"/>
</LocList>
</BasicStmnt>
<BasicStmnt CovItemId="S26" CovItemPrefix="tangible.Binarysearch.java" Intrnl_Id="65">
<LocList>
<Loc EndOffset="2629" SrcFileId="1" StartOffset="2618"/>
</LocList>
</BasicStmnt>
</StmntSeq>
<Keyword EndOffset="2031" SrcFileId="1" StartOffset="2028"/>
<LocList>
<Loc EndOffset="2736" SrcFileId="1" StartOffset="2028"/>
</LocList>
<RootTerm CovItemId="C5" CovItemPrefix="tangible.Binarysearch.java" Intrnl_Id="66">
<BasicBoolTerm Intrnl_Id="67">
<LocList>
<Loc EndOffset="2050" SrcFileId="1" StartOffset="2044"/>
</LocList>
</BasicBoolTerm>
</RootTerm>
</LoopStmnt>
<CondStmnt CovItemId="S27" CovItemPrefix="tangible.Binarysearch.java" Intrnl_Id="68">
<Branch CovItemId="B9" CovItemPrefix="tangible.Binarysearch.java" Implct="false" Intrnl_Id="69">
<Cond/>
<LocList>
<Loc EndOffset="3074" SrcFileId="1" StartOffset="3032"/>
</LocList>
<StmntSeq Intrnl_Id="70">
<LocList>
<Loc EndOffset="3051" SrcFileId="1" StartOffset="3039"/>
<Loc EndOffset="3068" SrcFileId="1" StartOffset="3057"/>
</LocList>
<BasicStmnt CovItemId="S28" CovItemPrefix="tangible.Binarysearch.java" Intrnl_Id="71">
<LocList>
<Loc EndOffset="3051" SrcFileId="1" StartOffset="3039"/>
</LocList>
</BasicStmnt>
<BasicStmnt CovItemId="S29" CovItemPrefix="tangible.Binarysearch.java" Intrnl_Id="72">
<LocList>
<Loc EndOffset="3068" SrcFileId="1" StartOffset="3057"/>
</LocList>
</BasicStmnt>
</StmntSeq>
</Branch>
<Branch CovItemId="B10" CovItemPrefix="tangible.Binarysearch.java" Implct="false" Intrnl_Id="73">
<Cond>
<Loc EndOffset="3079" SrcFileId="1" StartOffset="3075"/>
</Cond>
<LocList>
<Loc EndOffset="3268" SrcFileId="1" StartOffset="3244"/>
</LocList>
<StmntSeq Intrnl_Id="74">
<LocList>
<Loc EndOffset="3262" SrcFileId="1" StartOffset="3251"/>
</LocList>
<BasicStmnt CovItemId="S30" CovItemPrefix="tangible.Binarysearch.java" Intrnl_Id="75">
<LocList>
<Loc EndOffset="3262" SrcFileId="1" StartOffset="3251"/>
</LocList>
</BasicStmnt>
</StmntSeq>
</Branch>
<Keyword EndOffset="2743" SrcFileId="1" StartOffset="2741"/>
<LocList>
<Loc EndOffset="3268" SrcFileId="1" StartOffset="2741"/>
</LocList>
<RootTerm CovItemId="C6" CovItemPrefix="tangible.Binarysearch.java" Intrnl_Id="76">
<BasicBoolTerm Intrnl_Id="77">
<LocList>
<Loc EndOffset="2756" SrcFileId="1" StartOffset="2745"/>
</LocList>
</BasicBoolTerm>
</RootTerm>
</CondStmnt>
</StmntSeq>
<Keyword EndOffset="1436" SrcFileId="1" StartOffset="1431"/>
<LocList>
<Loc EndOffset="3273" SrcFileId="1" StartOffset="1431"/>
</LocList>
<RootTerm CovItemId="C4" CovItemPrefix="tangible.Binarysearch.java" Intrnl_Id="78">
<BasicBoolTerm Intrnl_Id="79">
<LocList>
<Loc EndOffset="1469" SrcFileId="1" StartOffset="1438"/>
</LocList>
</BasicBoolTerm>
</RootTerm>
</LoopStmnt>
<BasicStmnt CovItemId="S31" CovItemPrefix="tangible.Binarysearch.java" Intrnl_Id="80">
<LocList>
<Loc EndOffset="3302" SrcFileId="1" StartOffset="3277"/>
</LocList>
</BasicStmnt>
<BasicStmnt CovItemId="S32" CovItemPrefix="tangible.Binarysearch.java" Intrnl_Id="81">
<LocList>
<Loc EndOffset="3388" SrcFileId="1" StartOffset="3338"/>
</LocList>
</BasicStmnt>
<BasicStmnt CovItemId="S33" CovItemPrefix="tangible.Binarysearch.java" Intrnl_Id="82">
<LocList>
<Loc EndOffset="3435" SrcFileId="1" StartOffset="3392"/>
</LocList>
</BasicStmnt>
<CondStmnt CovItemId="S34" CovItemPrefix="tangible.Binarysearch.java" Intrnl_Id="83">
<Branch CovItemId="B11" CovItemPrefix="tangible.Binarysearch.java" Implct="false" Intrnl_Id="84">
<Cond/>
<LocList>
<Loc EndOffset="3563" SrcFileId="1" StartOffset="3461"/>
</LocList>
<StmntSeq Intrnl_Id="85">
<LocList>
<Loc EndOffset="3518" SrcFileId="1" StartOffset="3467"/>
<Loc EndOffset="3538" SrcFileId="1" StartOffset="3523"/>
<Loc EndOffset="3558" SrcFileId="1" StartOffset="3543"/>
</LocList>
<BasicStmnt CovItemId="S35" CovItemPrefix="tangible.Binarysearch.java" Intrnl_Id="86">
<LocList>
<Loc EndOffset="3518" SrcFileId="1" StartOffset="3467"/>
</LocList>
</BasicStmnt>
<BasicStmnt CovItemId="S36" CovItemPrefix="tangible.Binarysearch.java" Intrnl_Id="87">
<LocList>
<Loc EndOffset="3538" SrcFileId="1" StartOffset="3523"/>
</LocList>
</BasicStmnt>
<BasicStmnt CovItemId="S37" CovItemPrefix="tangible.Binarysearch.java" Intrnl_Id="88">
<LocList>
<Loc EndOffset="3558" SrcFileId="1" StartOffset="3543"/>
</LocList>
</BasicStmnt>
</StmntSeq>
</Branch>
<Branch CovItemId="B12" CovItemPrefix="tangible.Binarysearch.java" Implct="false" Intrnl_Id="89">
<Cond>
<Loc EndOffset="3568" SrcFileId="1" StartOffset="3564"/>
</Cond>
<LocList>
<Loc EndOffset="3614" SrcFileId="1" StartOffset="3573"/>
</LocList>
<StmntSeq Intrnl_Id="90">
<LocList>
<Loc EndOffset="3614" SrcFileId="1" StartOffset="3573"/>
</LocList>
<BasicStmnt CovItemId="S38" CovItemPrefix="tangible.Binarysearch.java" Intrnl_Id="91">
<LocList>
<Loc EndOffset="3614" SrcFileId="1" StartOffset="3573"/>
</LocList>
</BasicStmnt>
</StmntSeq>
</Branch>
<Keyword EndOffset="3441" SrcFileId="1" StartOffset="3439"/>
<LocList>
<Loc EndOffset="3614" SrcFileId="1" StartOffset="3439"/>
</LocList>
<RootTerm CovItemId="C7" CovItemPrefix="tangible.Binarysearch.java" Intrnl_Id="92">
<BasicBoolTerm Intrnl_Id="93">
<LocList>
<Loc EndOffset="3459" SrcFileId="1" StartOffset="3443"/>
</LocList>
</BasicBoolTerm>
</RootTerm>
</CondStmnt>
</StmntSeq>
</HierarchyLvl>
</HierarchyLvl>
</HierarchyLvl>
</HierarchyLvl>
</MASTRoot>
<TestSession Comment="" Date="1545661961393" Name="24.12.2018 19:32:41">
<TestCase Comment="This is a test case containing all coverage results cause no startTestCase methods where captured." Date="1545661947681" Name="UNNAMED TESTCASE">
<CovList>
<CovPrefix CovItemPrefix="tangible.Binarysearch.java">
<Cov CovItemId="B10" Value="7"/>
<Cov CovItemId="B12" Value="1"/>
<Cov CovItemId="B2" Value="1"/>
<Cov CovItemId="B5" Value="1"/>
<Cov CovItemId="B7" Value="1"/>
<Cov CovItemId="B9" Value="7"/>
<Cov CovItemId="L1-2" Value="1"/>
<Cov CovItemId="L2-2" Value="14"/>
<Cov CovItemId="S1" Value="1"/>
<Cov CovItemId="S10" Value="1"/>
<Cov CovItemId="S11" Value="1"/>
<Cov CovItemId="S12" Value="1"/>
<Cov CovItemId="S13" Value="1"/>
<Cov CovItemId="S14" Value="1"/>
<Cov CovItemId="S15" Value="1"/>
<Cov CovItemId="S16" Value="1"/>
<Cov CovItemId="S17" Value="1"/>
<Cov CovItemId="S18" Value="14"/>
<Cov CovItemId="S19" Value="14"/>
<Cov CovItemId="S2" Value="1"/>
<Cov CovItemId="S20" Value="14"/>
<Cov CovItemId="S21" Value="14"/>
<Cov CovItemId="S22" Value="14"/>
<Cov CovItemId="S23" Value="182"/>
<Cov CovItemId="S24" Value="182"/>
<Cov CovItemId="S25" Value="182"/>
<Cov CovItemId="S26" Value="182"/>
<Cov CovItemId="S27" Value="14"/>
<Cov CovItemId="S28" Value="7"/>
<Cov CovItemId="S29" Value="7"/>
<Cov CovItemId="S3" Value="1"/>
<Cov CovItemId="S30" Value="7"/>
<Cov CovItemId="S31" Value="1"/>
<Cov CovItemId="S32" Value="1"/>
<Cov CovItemId="S33" Value="1"/>
<Cov CovItemId="S34" Value="1"/>
<Cov CovItemId="S38" Value="1"/>
<Cov CovItemId="S4" Value="1"/>
<Cov CovItemId="S5" Value="1"/>
<Cov CovItemId="S9" Value="1"/>
</CovPrefix>
</CovList>
<AssgnmntList>
<AssgnmntPrefix RootTermCovItemPrefix="tangible.Binarysearch.java">
<AssgnmntListEntry Length="1" RootTermCovItemId="C1">
<MapEntry BoolAssgnmnt="0" Value="1"/>
</AssgnmntListEntry>
<AssgnmntListEntry Length="2" RootTermCovItemId="C2">
<MapEntry BoolAssgnmnt="11" Value="1"/>
</AssgnmntListEntry>
<AssgnmntListEntry Length="2" RootTermCovItemId="C3">
<MapEntry BoolAssgnmnt="11" Value="1"/>
</AssgnmntListEntry>
<AssgnmntListEntry Length="1" RootTermCovItemId="C4">
<MapEntry BoolAssgnmnt="0" Value="1"/>
<MapEntry BoolAssgnmnt="1" Value="14"/>
</AssgnmntListEntry>
<AssgnmntListEntry Length="1" RootTermCovItemId="C5">
<MapEntry BoolAssgnmnt="0" Value="14"/>
<MapEntry BoolAssgnmnt="1" Value="182"/>
</AssgnmntListEntry>
<AssgnmntListEntry Length="1" RootTermCovItemId="C6">
<MapEntry BoolAssgnmnt="0" Value="7"/>
<MapEntry BoolAssgnmnt="1" Value="7"/>
</AssgnmntListEntry>
<AssgnmntListEntry Length="1" RootTermCovItemId="C7">
<MapEntry BoolAssgnmnt="0" Value="1"/>
</AssgnmntListEntry>
</AssgnmntPrefix>
</AssgnmntList>
<ObjMetaDataList/>
<MetaDataList/>
</TestCase>
<MetaDataList/>
</TestSession>
<TestSession Comment="" Date="1545671497813" Name="24.12.2018 22:11:37">
<TestCase Comment="This is a test case containing all coverage results cause no startTestCase methods where captured." Date="1545661947681" Name="UNNAMED TESTCASE">
<CovList>
<CovPrefix CovItemPrefix="tangible.Binarysearch.java">
<Cov CovItemId="B10" Value="7"/>
<Cov CovItemId="B12" Value="1"/>
<Cov CovItemId="B2" Value="1"/>
<Cov CovItemId="B5" Value="1"/>
<Cov CovItemId="B7" Value="1"/>
<Cov CovItemId="B9" Value="7"/>
<Cov CovItemId="L1-2" Value="1"/>
<Cov CovItemId="L2-2" Value="14"/>
<Cov CovItemId="S1" Value="1"/>
<Cov CovItemId="S10" Value="1"/>
<Cov CovItemId="S11" Value="1"/>
<Cov CovItemId="S12" Value="1"/>
<Cov CovItemId="S13" Value="1"/>
<Cov CovItemId="S14" Value="1"/>
<Cov CovItemId="S15" Value="1"/>
<Cov CovItemId="S16" Value="1"/>
<Cov CovItemId="S17" Value="1"/>
<Cov CovItemId="S18" Value="14"/>
<Cov CovItemId="S19" Value="14"/>
<Cov CovItemId="S2" Value="1"/>
<Cov CovItemId="S20" Value="14"/>
<Cov CovItemId="S21" Value="14"/>
<Cov CovItemId="S22" Value="14"/>
<Cov CovItemId="S23" Value="182"/>
<Cov CovItemId="S24" Value="182"/>
<Cov CovItemId="S25" Value="182"/>
<Cov CovItemId="S26" Value="182"/>
<Cov CovItemId="S27" Value="14"/>
<Cov CovItemId="S28" Value="7"/>
<Cov CovItemId="S29" Value="7"/>
<Cov CovItemId="S3" Value="1"/>
<Cov CovItemId="S30" Value="7"/>
<Cov CovItemId="S31" Value="1"/>
<Cov CovItemId="S32" Value="1"/>
<Cov CovItemId="S33" Value="1"/>
<Cov CovItemId="S34" Value="1"/>
<Cov CovItemId="S38" Value="1"/>
<Cov CovItemId="S4" Value="1"/>
<Cov CovItemId="S5" Value="1"/>
<Cov CovItemId="S9" Value="1"/>
</CovPrefix>
</CovList>
<AssgnmntList>
<AssgnmntPrefix RootTermCovItemPrefix="tangible.Binarysearch.java">
<AssgnmntListEntry Length="1" RootTermCovItemId="C1">
<MapEntry BoolAssgnmnt="0" Value="1"/>
</AssgnmntListEntry>
<AssgnmntListEntry Length="2" RootTermCovItemId="C2">
<MapEntry BoolAssgnmnt="11" Value="1"/>
</AssgnmntListEntry>
<AssgnmntListEntry Length="2" RootTermCovItemId="C3">
<MapEntry BoolAssgnmnt="11" Value="1"/>
</AssgnmntListEntry>
<AssgnmntListEntry Length="1" RootTermCovItemId="C4">
<MapEntry BoolAssgnmnt="0" Value="1"/>
<MapEntry BoolAssgnmnt="1" Value="14"/>
</AssgnmntListEntry>
<AssgnmntListEntry Length="1" RootTermCovItemId="C5">
<MapEntry BoolAssgnmnt="0" Value="14"/>
<MapEntry BoolAssgnmnt="1" Value="182"/>
</AssgnmntListEntry>
<AssgnmntListEntry Length="1" RootTermCovItemId="C6">
<MapEntry BoolAssgnmnt="0" Value="7"/>
<MapEntry BoolAssgnmnt="1" Value="7"/>
</AssgnmntListEntry>
<AssgnmntListEntry Length="1" RootTermCovItemId="C7">
<MapEntry BoolAssgnmnt="0" Value="1"/>
</AssgnmntListEntry>
</AssgnmntPrefix>
</AssgnmntList>
<ObjMetaDataList/>
<MetaDataList/>
</TestCase>
<MetaDataList/>
</TestSession>
<TestSession Comment="" Date="1547305834156" Name="12.01.2019 20:10:33">
<TestCase Comment="This is a test case containing all coverage results cause no startTestCase methods where captured." Date="1545661947681" Name="UNNAMED TESTCASE">
<CovList>
<CovPrefix CovItemPrefix="tangible.Binarysearch.java">
<Cov CovItemId="B10" Value="7"/>
<Cov CovItemId="B12" Value="1"/>
<Cov CovItemId="B2" Value="1"/>
<Cov CovItemId="B5" Value="1"/>
<Cov CovItemId="B7" Value="1"/>
<Cov CovItemId="B9" Value="7"/>
<Cov CovItemId="L1-2" Value="1"/>
<Cov CovItemId="L2-2" Value="14"/>
<Cov CovItemId="S1" Value="1"/>
<Cov CovItemId="S10" Value="1"/>
<Cov CovItemId="S11" Value="1"/>
<Cov CovItemId="S12" Value="1"/>
<Cov CovItemId="S13" Value="1"/>
<Cov CovItemId="S14" Value="1"/>
<Cov CovItemId="S15" Value="1"/>
<Cov CovItemId="S16" Value="1"/>
<Cov CovItemId="S17" Value="1"/>
<Cov CovItemId="S18" Value="14"/>
<Cov CovItemId="S19" Value="14"/>
<Cov CovItemId="S2" Value="1"/>
<Cov CovItemId="S20" Value="14"/>
<Cov CovItemId="S21" Value="14"/>
<Cov CovItemId="S22" Value="14"/>
<Cov CovItemId="S23" Value="182"/>
<Cov CovItemId="S24" Value="182"/>
<Cov CovItemId="S25" Value="182"/>
<Cov CovItemId="S26" Value="182"/>
<Cov CovItemId="S27" Value="14"/>
<Cov CovItemId="S28" Value="7"/>
<Cov CovItemId="S29" Value="7"/>
<Cov CovItemId="S3" Value="1"/>
<Cov CovItemId="S30" Value="7"/>
<Cov CovItemId="S31" Value="1"/>
<Cov CovItemId="S32" Value="1"/>
<Cov CovItemId="S33" Value="1"/>
<Cov CovItemId="S34" Value="1"/>
<Cov CovItemId="S38" Value="1"/>
<Cov CovItemId="S4" Value="1"/>
<Cov CovItemId="S5" Value="1"/>
<Cov CovItemId="S9" Value="1"/>
</CovPrefix>
</CovList>
<AssgnmntList>
<AssgnmntPrefix RootTermCovItemPrefix="tangible.Binarysearch.java">
<AssgnmntListEntry Length="1" RootTermCovItemId="C1">
<MapEntry BoolAssgnmnt="0" Value="1"/>
</AssgnmntListEntry>
<AssgnmntListEntry Length="2" RootTermCovItemId="C2">
<MapEntry BoolAssgnmnt="11" Value="1"/>
</AssgnmntListEntry>
<AssgnmntListEntry Length="2" RootTermCovItemId="C3">
<MapEntry BoolAssgnmnt="11" Value="1"/>
</AssgnmntListEntry>
<AssgnmntListEntry Length="1" RootTermCovItemId="C4">
<MapEntry BoolAssgnmnt="0" Value="1"/>
<MapEntry BoolAssgnmnt="1" Value="14"/>
</AssgnmntListEntry>
<AssgnmntListEntry Length="1" RootTermCovItemId="C5">
<MapEntry BoolAssgnmnt="0" Value="14"/>
<MapEntry BoolAssgnmnt="1" Value="182"/>
</AssgnmntListEntry>
<AssgnmntListEntry Length="1" RootTermCovItemId="C6">
<MapEntry BoolAssgnmnt="0" Value="7"/>
<MapEntry BoolAssgnmnt="1" Value="7"/>
</AssgnmntListEntry>
<AssgnmntListEntry Length="1" RootTermCovItemId="C7">
<MapEntry BoolAssgnmnt="0" Value="1"/>
</AssgnmntListEntry>
</AssgnmntPrefix>
</AssgnmntList>
<ObjMetaDataList/>
<MetaDataList/>
</TestCase>
<MetaDataList/>
</TestSession>
<TestSession Comment="" Date="1547307649172" Name="12.01.2019 20:40:49">
<TestCase Comment="This is a test case containing all coverage results cause no startTestCase methods where captured." Date="1545661947681" Name="UNNAMED TESTCASE">
<CovList>
<CovPrefix CovItemPrefix="tangible.Binarysearch.java">
<Cov CovItemId="B10" Value="7"/>
<Cov CovItemId="B12" Value="1"/>
<Cov CovItemId="B2" Value="1"/>
<Cov CovItemId="B5" Value="1"/>
<Cov CovItemId="B7" Value="1"/>
<Cov CovItemId="B9" Value="7"/>
<Cov CovItemId="L1-2" Value="1"/>
<Cov CovItemId="L2-2" Value="14"/>
<Cov CovItemId="S1" Value="1"/>
<Cov CovItemId="S10" Value="1"/>
<Cov CovItemId="S11" Value="1"/>
<Cov CovItemId="S12" Value="1"/>
<Cov CovItemId="S13" Value="1"/>
<Cov CovItemId="S14" Value="1"/>
<Cov CovItemId="S15" Value="1"/>
<Cov CovItemId="S16" Value="1"/>
<Cov CovItemId="S17" Value="1"/>
<Cov CovItemId="S18" Value="14"/>
<Cov CovItemId="S19" Value="14"/>
<Cov CovItemId="S2" Value="1"/>
<Cov CovItemId="S20" Value="14"/>
<Cov CovItemId="S21" Value="14"/>
<Cov CovItemId="S22" Value="14"/>
<Cov CovItemId="S23" Value="182"/>
<Cov CovItemId="S24" Value="182"/>
<Cov CovItemId="S25" Value="182"/>
<Cov CovItemId="S26" Value="182"/>
<Cov CovItemId="S27" Value="14"/>
<Cov CovItemId="S28" Value="7"/>
<Cov CovItemId="S29" Value="7"/>
<Cov CovItemId="S3" Value="1"/>
<Cov CovItemId="S30" Value="7"/>
<Cov CovItemId="S31" Value="1"/>
<Cov CovItemId="S32" Value="1"/>
<Cov CovItemId="S33" Value="1"/>
<Cov CovItemId="S34" Value="1"/>
<Cov CovItemId="S38" Value="1"/>
<Cov CovItemId="S4" Value="1"/>
<Cov CovItemId="S5" Value="1"/>
<Cov CovItemId="S9" Value="1"/>
</CovPrefix>
</CovList>
<AssgnmntList>
<AssgnmntPrefix RootTermCovItemPrefix="tangible.Binarysearch.java">
<AssgnmntListEntry Length="1" RootTermCovItemId="C1">
<MapEntry BoolAssgnmnt="0" Value="1"/>
</AssgnmntListEntry>
<AssgnmntListEntry Length="2" RootTermCovItemId="C2">
<MapEntry BoolAssgnmnt="11" Value="1"/>
</AssgnmntListEntry>
<AssgnmntListEntry Length="2" RootTermCovItemId="C3">
<MapEntry BoolAssgnmnt="11" Value="1"/>
</AssgnmntListEntry>
<AssgnmntListEntry Length="1" RootTermCovItemId="C4">
<MapEntry BoolAssgnmnt="0" Value="1"/>
<MapEntry BoolAssgnmnt="1" Value="14"/>
</AssgnmntListEntry>
<AssgnmntListEntry Length="1" RootTermCovItemId="C5">
<MapEntry BoolAssgnmnt="0" Value="14"/>
<MapEntry BoolAssgnmnt="1" Value="182"/>
</AssgnmntListEntry>
<AssgnmntListEntry Length="1" RootTermCovItemId="C6">
<MapEntry BoolAssgnmnt="0" Value="7"/>
<MapEntry BoolAssgnmnt="1" Value="7"/>
</AssgnmntListEntry>
<AssgnmntListEntry Length="1" RootTermCovItemId="C7">
<MapEntry BoolAssgnmnt="0" Value="1"/>
</AssgnmntListEntry>
</AssgnmntPrefix>
</AssgnmntList>
<ObjMetaDataList/>
<MetaDataList/>
</TestCase>
<MetaDataList/>
</TestSession>
</TestSessionContainer>
